2017-09-23 19:59:28 [scrapy.utils.log] INFO: Scrapy 1.4.0 started (bot: bot_name)
2017-09-23 19:59:28 [scrapy.utils.log] INFO: Overridden settings: {'SPIDER_MODULES': ['grants.spiders'], 'ROBOTSTXT_OBEY': True, 'BOT_NAME': 'bot_name', 'NEWSPIDER_MODULE': 'grants.spiders', 'LOG_FILE': 'logs/default/rscf/b0146ccfa09911e7bb4d001e58a528a4.log'}
2017-09-23 19:59:28 [scrapy.middleware] INFO: Enabled extensions:
['scrapy.extensions.telnet.TelnetConsole',
 'scrapy.extensions.memusage.MemoryUsage',
 'scrapy.extensions.logstats.LogStats',
 'scrapy.extensions.corestats.CoreStats']
2017-09-23 19:59:28 [scrapy.middleware] INFO: Enabled downloader middlewares:
['scrapy.downloadermiddlewares.robotstxt.RobotsTxtMiddleware',
 'scrapy.downloadermiddlewares.httpauth.HttpAuthMiddleware',
 'scrapy.downloadermiddlewares.downloadtimeout.DownloadTimeoutMiddleware',
 'scrapy.downloadermiddlewares.defaultheaders.DefaultHeadersMiddleware',
 'scrapy.downloadermiddlewares.useragent.UserAgentMiddleware',
 'scrapy.downloadermiddlewares.retry.RetryMiddleware',
 'scrapy.downloadermiddlewares.redirect.MetaRefreshMiddleware',
 'scrapy.downloadermiddlewares.httpcompression.HttpCompressionMiddleware',
 'scrapy.downloadermiddlewares.redirect.RedirectMiddleware',
 'scrapy.downloadermiddlewares.cookies.CookiesMiddleware',
 'scrapy.downloadermiddlewares.httpproxy.HttpProxyMiddleware',
 'scrapy.downloadermiddlewares.stats.DownloaderStats']
2017-09-23 19:59:28 [scrapy.middleware] INFO: Enabled spider middlewares:
['scrapy.spidermiddlewares.httperror.HttpErrorMiddleware',
 'scrapy.spidermiddlewares.offsite.OffsiteMiddleware',
 'scrapy.spidermiddlewares.referer.RefererMiddleware',
 'scrapy.spidermiddlewares.urllength.UrlLengthMiddleware',
 'scrapy.spidermiddlewares.depth.DepthMiddleware']
2017-09-23 19:59:28 [py.warnings] WARNING: /home/eugene/coursework3-master/grants/grants/pipelines.py:1: ScrapyDeprecationWarning: Module `scrapy.log` has been deprecated, Scrapy now relies on the builtin Python library for logging. Read the updated logging entry in the documentation to learn more.
  from scrapy import log

2017-09-23 19:59:28 [scrapy.middleware] INFO: Enabled item pipelines:
['grants.pipelines.GrantPipeline']
2017-09-23 19:59:28 [scrapy.core.engine] INFO: Spider opened
2017-09-23 19:59:28 [scrapy.extensions.logstats] INFO: Crawled 0 pages (at 0 pages/min), scraped 0 items (at 0 items/min)
2017-09-23 19:59:28 [scrapy.extensions.telnet] DEBUG: Telnet console listening on 127.0.0.1:6024
2017-09-23 19:59:29 [scrapy.core.engine] DEBUG: Crawled (200) <GET http://www.rscf.ru/robots.txt> (referer: None)
2017-09-23 19:59:34 [scrapy.core.engine] DEBUG: Crawled (200) <GET http://www.rscf.ru/ru/contests> (referer: None)
2017-09-23 19:59:34 [scrapy.core.scraper] DEBUG: Scraped from <200 http://www.rscf.ru/ru/contests>
{'date': '11.12.2017',
 'link': 'http://www.rscf.ru/ru/contests',
 'title': ' Конкурс на получение грантов по приоритетному направлению '
          'деятельности РНФ «Проведение исследований международными научными '
          'коллективами» (совместно с Немецким научно-исследовательским '
          'сообществом - DFG)'}
2017-09-23 19:59:34 [scrapy.core.scraper] DEBUG: Scraped from <200 http://www.rscf.ru/ru/contests>
{'date': '30.11.2017',
 'link': 'http://www.rscf.ru/ru/contests',
 'title': ' Конкурс на получение грантов по приоритетному направлению '
          'деятельности РНФ «Проведение исследований международными научными '
          'коллективами» (совместно с Объединением им. Гельмгольца - Die '
          'Helmholtz-Gemeinschaft) '}
2017-09-23 19:59:34 [scrapy.core.scraper] DEBUG: Scraped from <200 http://www.rscf.ru/ru/contests>
{'date': '\n            28.04.2017          ',
 'link': 'http://www.rscf.ru/ru/contests',
 'title': ' Конкурс на получение грантов РНФ по мероприятию «Проведение '
          'исследований научными лабораториями мирового уровня в рамках '
          'реализации приоритетов научно-технологического развития Российской '
          'Федерации» Президентской программы исследовательских проектов'}
2017-09-23 19:59:34 [scrapy.core.scraper] DEBUG: Scraped from <200 http://www.rscf.ru/ru/contests>
{'date': '\n            17.04.2017          ',
 'link': 'http://www.rscf.ru/ru/contests',
 'title': ' Конкурс на получение грантов РНФ по мероприятию «Проведение '
          'исследований научными группами под руководством молодых ученых» '
          'Президентской программы исследовательских проектов'}
2017-09-23 19:59:34 [scrapy.core.scraper] DEBUG: Scraped from <200 http://www.rscf.ru/ru/contests>
{'date': '\n            06.04.2017 (1 этап); 15.05.2017 (2 этап)          ',
 'link': 'http://www.rscf.ru/ru/contests',
 'title': ' Конкурс на получение грантов РНФ по мероприятию «Проведение '
          'инициативных исследований молодыми учеными» Президентской программы '
          'исследовательских проектов'}
2017-09-23 19:59:34 [scrapy.core.scraper] DEBUG: Scraped from <200 http://www.rscf.ru/ru/contests>
{'date': '\n            30.06.2017          ',
 'link': 'http://www.rscf.ru/ru/contests',
 'title': ' Конкурс на получение грантов по приоритетному направлению '
          'деятельности РНФ «Проведение исследований международными научными '
          'коллективами» (совместно с  Министерством науки и технологий '
          'Тайваня - MOST)'}
2017-09-23 19:59:34 [scrapy.core.scraper] DEBUG: Scraped from <200 http://www.rscf.ru/ru/contests>
{'date': '\n            31.03.2017          ',
 'link': 'http://www.rscf.ru/ru/contests',
 'title': ' Конкурс на получение грантов по приоритетному направлению '
          'деятельности РНФ «Проведение исследований международными научными '
          'коллективами» (совместно с Министерством сельского, лесного и '
          'рыбного хозяйства Японии - MAFF/AFFRCS)'}
2017-09-23 19:59:34 [scrapy.core.scraper] DEBUG: Scraped from <200 http://www.rscf.ru/ru/contests>
{'date': '\n            31.03.2017          ',
 'link': 'http://www.rscf.ru/ru/contests',
 'title': ' Конкурс на получение грантов по приоритетному направлению '
          'деятельности РНФ «Проведение исследований международными научными '
          'коллективами» (совместно с Объединением им. Гельмгольца - Die '
          'Helmholtz-Gemeinschaft)'}
2017-09-23 19:59:34 [scrapy.core.scraper] DEBUG: Scraped from <200 http://www.rscf.ru/ru/contests>
{'date': '\n            28.02.2017          ',
 'link': 'http://www.rscf.ru/ru/contests',
 'title': ' Конкурс на получение грантов по приоритетному направлению '
          'деятельности РНФ «Проведение исследований международными научными '
          'коллективами» (совместно с Австрийским научным фондом - FWF)'}
2017-09-23 19:59:34 [scrapy.core.scraper] DEBUG: Scraped from <200 http://www.rscf.ru/ru/contests>
{'date': '\n            15.12.2016          ',
 'link': 'http://www.rscf.ru/ru/contests',
 'title': ' Конкурс на получение грантов по приоритетному направлению '
          'деятельности РНФ "Проведение фундаментальных научных исследований и '
          'поисковых научных исследований отдельными научными группами"'}
2017-09-23 19:59:34 [scrapy.core.scraper] DEBUG: Scraped from <200 http://www.rscf.ru/ru/contests>
{'date': '\n            12.12.2016          ',
 'link': 'http://www.rscf.ru/ru/contests',
 'title': ' Конкурс на получение грантов по приоритетному направлению '
          'деятельности РНФ «Проведение исследований международными научными '
          'коллективами» (совместно с Немецким научно-исследовательским '
          'сообществом - DFG)'}
2017-09-23 19:59:34 [scrapy.core.scraper] DEBUG: Scraped from <200 http://www.rscf.ru/ru/contests>
{'date': '\n            14.04.2016          ',
 'link': 'http://www.rscf.ru/ru/contests',
 'title': ' Конкурс на получение грантов по приоритетному направлению '
          'деятельности РНФ "Проведение фундаментальных и поисковых научных '
          'исследований по поручениям (указаниям) Президента Российской '
          'Федерации" (Исследования в области картофелеводства и '
          'птицеводства)  '}
2017-09-23 19:59:34 [scrapy.core.scraper] DEBUG: Scraped from <200 http://www.rscf.ru/ru/contests>
{'date': '\n            15.03.2016          ',
 'link': 'http://www.rscf.ru/ru/contests',
 'title': ' Конкурс на получение грантов по приоритетному направлению '
          'деятельности РНФ «Проведение фундаментальных научных исследований и '
          'поисковых научных исследований международными научными '
          'коллективами» (совместно с Министерством науки и технологий Тайваня '
          '- MOST'}
2017-09-23 19:59:34 [scrapy.core.scraper] DEBUG: Scraped from <200 http://www.rscf.ru/ru/contests>
{'date': '\n            17.12.2015          ',
 'link': 'http://www.rscf.ru/ru/contests',
 'title': ' Конкурс на получение грантов по приоритетному направлению '
          'деятельности РНФ "Проведение фундаментальных научных исследований и '
          'поисковых научных исследований по поручениям (указаниям) Президента '
          'Российской Федерации" (исследования в области русского языка)'}
2017-09-23 19:59:34 [scrapy.core.scraper] DEBUG: Scraped from <200 http://www.rscf.ru/ru/contests>
{'date': '\n            17.12.2015          ',
 'link': 'http://www.rscf.ru/ru/contests',
 'title': ' Конкурс на получение грантов по приоритетному направлению '
          'деятельности РНФ "Проведение фундаментальных научных исследований и '
          'поисковых научных исследований отдельными научными группами"'}
2017-09-23 19:59:34 [scrapy.core.scraper] DEBUG: Scraped from <200 http://www.rscf.ru/ru/contests>
{'date': '\n            21.12.2015          ',
 'link': 'http://www.rscf.ru/ru/contests',
 'title': ' Конкурс на получение грантов по приоритетному направлению '
          'деятельности РНФ «Проведение исследований международными научными '
          'коллективами» (совместно с Департаментом науки и технологий '
          'Министерства науки и технологий Республики Индия – DST)'}
2017-09-23 19:59:34 [scrapy.core.scraper] DEBUG: Scraped from <200 http://www.rscf.ru/ru/contests>
{'date': '\n            22.09.2015          ',
 'link': 'http://www.rscf.ru/ru/contests',
 'title': ' Конкурс на получение грантов по приоритетным тематическим '
          'направлениям исследований '}
2017-09-23 19:59:34 [scrapy.core.scraper] DEBUG: Scraped from <200 http://www.rscf.ru/ru/contests>
{'date': '\n            15.09.2015          ',
 'link': 'http://www.rscf.ru/ru/contests',
 'title': ' Конкурс на получение грантов по приоритетному направлению '
          'деятельности РНФ «Проведение исследований международными научными '
          'коллективами» (совместно с Немецким научно-исследовательским '
          'сообществом - DFG)'}
2017-09-23 19:59:34 [scrapy.core.scraper] DEBUG: Scraped from <200 http://www.rscf.ru/ru/contests>
{'date': '\n            20.04.2015          ',
 'link': 'http://www.rscf.ru/ru/contests',
 'title': ' Конкурс на получение грантов по приоритетному направлению '
          'деятельности РНФ «Проведение исследований с представлением '
          'результатов в рамках международной конференции (конгресса)»'}
2017-09-23 19:59:34 [scrapy.core.scraper] DEBUG: Scraped from <200 http://www.rscf.ru/ru/contests>
{'date': '\n            20.04.2015          ',
 'link': 'http://www.rscf.ru/ru/contests',
 'title': ' Конкурс на получение грантов по приоритетному направлению '
          'деятельности РНФ «Проведение исследований в небольших группах под '
          'руководством ведущих российских и зарубежных ученых»'}
2017-09-23 19:59:34 [scrapy.core.engine] INFO: Closing spider (finished)
2017-09-23 19:59:34 [scrapy.statscollectors] INFO: Dumping Scrapy stats:
{'downloader/request_bytes': 439,
 'downloader/request_count': 2,
 'downloader/request_method_count/GET': 2,
 'downloader/response_bytes': 73883,
 'downloader/response_count': 2,
 'downloader/response_status_count/200': 2,
 'finish_reason': 'finished',
 'finish_time': datetime.datetime(2017, 9, 23, 19, 59, 34, 427647),
 'item_scraped_count': 20,
 'log_count/DEBUG': 23,
 'log_count/INFO': 7,
 'log_count/WARNING': 1,
 'memusage/max': 66232320,
 'memusage/startup': 66232320,
 'response_received_count': 2,
 'scheduler/dequeued': 1,
 'scheduler/dequeued/memory': 1,
 'scheduler/enqueued': 1,
 'scheduler/enqueued/memory': 1,
 'start_time': datetime.datetime(2017, 9, 23, 19, 59, 28, 548118)}
2017-09-23 19:59:34 [scrapy.core.engine] INFO: Spider closed (finished)
